<?xml version="1.0" encoding="UTF-8"?>
<!-- Generated by org.testng.reporters.JUnitReportReporter -->
<testsuite hostname="DESKTOP-GN69LFU" failures="0" tests="6" name="com.demoacti.tests.LoginPagetests" time="58.878" errors="0" timestamp="20 Jul 2022 17:36:06 GMT">
  <testcase classname="com.demoacti.tests.LoginPagetests" name="testUserName" time="10.284"/>
  <testcase classname="com.demoacti.tests.LoginPagetests" name="testLoginFunction" time="11.202"/>
  <testcase classname="com.demoacti.tests.LoginPagetests" name="testEnterUsername" time="9.048"/>
  <testcase classname="com.demoacti.tests.LoginPagetests" name="testpagetitle" time="9.311"/>
  <testcase classname="com.demoacti.tests.LoginPagetests" name="testLogoimageisDisplayed" time="9.760"/>
  <testcase classname="com.demoacti.tests.LoginPagetests" name="testForgotPasswordLink" time="9.273"/>
</testsuite> <!-- com.demoacti.tests.LoginPagetests -->
